This is pdfTeX, Version 3.14159265-2.6-1.40.19 (MiKTeX 2.9.6800) (preloaded format=pdflatex 2018.9.21)  28 JUL 2020 19:43
entering extended mode
**./Final-Project.tex
(Final-Project.tex
LaTeX2e <2018-04-01> patch level 5

("/Users/maggienead/Library/Application Support/MiKTeX/texmfs/install/tex/latex
/base/article.cls"
Document Class: article 2014/09/29 v1.4h Standard LaTeX document class

("/Users/maggienead/Library/Application Support/MiKTeX/texmfs/install/tex/latex
/base/size10.clo"
File: size10.clo 2014/09/29 v1.4h Standard LaTeX file (size option)
)
\c@part=\count80
\c@section=\count81
\c@subsection=\count82
\c@subsubsection=\count83
\c@paragraph=\count84
\c@subparagraph=\count85
\c@figure=\count86
\c@table=\count87
\abovecaptionskip=\skip41
\belowcaptionskip=\skip42
\bibindent=\dimen102
)
("/Users/maggienead/Library/Application Support/MiKTeX/texmfs/install/tex/latex
/lm/lmodern.sty"
Package: lmodern 2009/10/30 v1.6 Latin Modern Fonts
LaTeX Font Info:    Overwriting symbol font `operators' in version `normal'
(Font)                  OT1/cmr/m/n --> OT1/lmr/m/n on input line 22.
LaTeX Font Info:    Overwriting symbol font `letters' in version `normal'
(Font)                  OML/cmm/m/it --> OML/lmm/m/it on input line 23.
LaTeX Font Info:    Overwriting symbol font `symbols' in version `normal'
(Font)                  OMS/cmsy/m/n --> OMS/lmsy/m/n on input line 24.
LaTeX Font Info:    Overwriting symbol font `largesymbols' in version `normal'
(Font)                  OMX/cmex/m/n --> OMX/lmex/m/n on input line 25.
LaTeX Font Info:    Overwriting symbol font `operators' in version `bold'
(Font)                  OT1/cmr/bx/n --> OT1/lmr/bx/n on input line 26.
LaTeX Font Info:    Overwriting symbol font `letters' in version `bold'
(Font)                  OML/cmm/b/it --> OML/lmm/b/it on input line 27.
LaTeX Font Info:    Overwriting symbol font `symbols' in version `bold'
(Font)                  OMS/cmsy/b/n --> OMS/lmsy/b/n on input line 28.
LaTeX Font Info:    Overwriting symbol font `largesymbols' in version `bold'
(Font)                  OMX/cmex/m/n --> OMX/lmex/m/n on input line 29.
LaTeX Font Info:    Overwriting math alphabet `\mathbf' in version `normal'
(Font)                  OT1/cmr/bx/n --> OT1/lmr/bx/n on input line 31.
LaTeX Font Info:    Overwriting math alphabet `\mathsf' in version `normal'
(Font)                  OT1/cmss/m/n --> OT1/lmss/m/n on input line 32.
LaTeX Font Info:    Overwriting math alphabet `\mathit' in version `normal'
(Font)                  OT1/cmr/m/it --> OT1/lmr/m/it on input line 33.
LaTeX Font Info:    Overwriting math alphabet `\mathtt' in version `normal'
(Font)                  OT1/cmtt/m/n --> OT1/lmtt/m/n on input line 34.
LaTeX Font Info:    Overwriting math alphabet `\mathbf' in version `bold'
(Font)                  OT1/cmr/bx/n --> OT1/lmr/bx/n on input line 35.
LaTeX Font Info:    Overwriting math alphabet `\mathsf' in version `bold'
(Font)                  OT1/cmss/bx/n --> OT1/lmss/bx/n on input line 36.
LaTeX Font Info:    Overwriting math alphabet `\mathit' in version `bold'
(Font)                  OT1/cmr/bx/it --> OT1/lmr/bx/it on input line 37.
LaTeX Font Info:    Overwriting math alphabet `\mathtt' in version `bold'
(Font)                  OT1/cmtt/m/n --> OT1/lmtt/m/n on input line 38.
)
("/Users/maggienead/Library/Application Support/MiKTeX/texmfs/install/tex/latex
/amsfonts/amssymb.sty"
Package: amssymb 2013/01/14 v3.01 AMS font symbols

("/Users/maggienead/Library/Application Support/MiKTeX/texmfs/install/tex/latex
/amsfonts/amsfonts.sty"
Package: amsfonts 2013/01/14 v3.01 Basic AMSFonts support
\@emptytoks=\toks14
\symAMSa=\mathgroup4
\symAMSb=\mathgroup5
LaTeX Font Info:    Overwriting math alphabet `\mathfrak' in version `bold'
(Font)                  U/euf/m/n --> U/euf/b/n on input line 106.
))
("/Users/maggienead/Library/Application Support/MiKTeX/texmfs/install/tex/latex
/amsmath/amsmath.sty"
Package: amsmath 2017/09/02 v2.17a AMS math features
\@mathmargin=\skip43
For additional information on amsmath, use the `?' option.

("/Users/maggienead/Library/Application Support/MiKTeX/texmfs/install/tex/latex
/amsmath/amstext.sty"
Package: amstext 2000/06/29 v2.01 AMS text

("/Users/maggienead/Library/Application Support/MiKTeX/texmfs/install/tex/latex
/amsmath/amsgen.sty"
File: amsgen.sty 1999/11/30 v2.0 generic functions
\@emptytoks=\toks15
\ex@=\dimen103
))
("/Users/maggienead/Library/Application Support/MiKTeX/texmfs/install/tex/latex
/amsmath/amsbsy.sty"
Package: amsbsy 1999/11/29 v1.2d Bold Symbols
\pmbraise@=\dimen104
)
("/Users/maggienead/Library/Application Support/MiKTeX/texmfs/install/tex/latex
/amsmath/amsopn.sty"
Package: amsopn 2016/03/08 v2.02 operator names
)
\inf@bad=\count88
LaTeX Info: Redefining \frac on input line 213.
\uproot@=\count89
\leftroot@=\count90
LaTeX Info: Redefining \overline on input line 375.
\classnum@=\count91
\DOTSCASE@=\count92
LaTeX Info: Redefining \ldots on input line 472.
LaTeX Info: Redefining \dots on input line 475.
LaTeX Info: Redefining \cdots on input line 596.
\Mathstrutbox@=\box26
\strutbox@=\box27
\big@size=\dimen105
LaTeX Font Info:    Redeclaring font encoding OML on input line 712.
LaTeX Font Info:    Redeclaring font encoding OMS on input line 713.
\macc@depth=\count93
\c@MaxMatrixCols=\count94
\dotsspace@=\muskip10
\c@parentequation=\count95
\dspbrk@lvl=\count96
\tag@help=\toks16
\row@=\count97
\column@=\count98
\maxfields@=\count99
\andhelp@=\toks17
\eqnshift@=\dimen106
\alignsep@=\dimen107
\tagshift@=\dimen108
\tagwidth@=\dimen109
\totwidth@=\dimen110
\lineht@=\dimen111
\@envbody=\toks18
\multlinegap=\skip44
\multlinetaggap=\skip45
\mathdisplay@stack=\toks19
LaTeX Info: Redefining \[ on input line 2817.
LaTeX Info: Redefining \] on input line 2818.
)
("/Users/maggienead/Library/Application Support/MiKTeX/texmfs/install/tex/gener
ic/ifxetex/ifxetex.sty"
Package: ifxetex 2010/09/12 v0.6 Provides ifxetex conditional
)
("/Users/maggienead/Library/Application Support/MiKTeX/texmfs/install/tex/gener
ic/oberdiek/ifluatex.sty"
Package: ifluatex 2016/05/16 v1.4 Provides the ifluatex switch (HO)
Package ifluatex Info: LuaTeX not detected.
)
("/Users/maggienead/Library/Application Support/MiKTeX/texmfs/install/tex/latex
/base/fixltx2e.sty"
Package: fixltx2e 2016/12/29 v2.1a fixes to LaTeX (obsolete)
Applying: [2015/01/01] Old fixltx2e package on input line 46.

Package fixltx2e Warning: fixltx2e is not required with releases after 2015
(fixltx2e)                All fixes are now in the LaTeX kernel.
(fixltx2e)                See the latexrelease package for details.

Already applied: [0000/00/00] Old fixltx2e package on input line 53.
)
("/Users/maggienead/Library/Application Support/MiKTeX/texmfs/install/tex/latex
/base/fontenc.sty"
Package: fontenc 2017/04/05 v2.0i Standard LaTeX package

("/Users/maggienead/Library/Application Support/MiKTeX/texmfs/install/tex/latex
/base/t1enc.def"
File: t1enc.def 2017/04/05 v2.0i Standard LaTeX file
LaTeX Font Info:    Redeclaring font encoding T1 on input line 48.
))
("/Users/maggienead/Library/Application Support/MiKTeX/texmfs/install/tex/latex
/base/inputenc.sty"
Package: inputenc 2018/04/06 v1.3b Input encoding file
\inpenc@prehook=\toks20
\inpenc@posthook=\toks21
)
("/Users/maggienead/Library/Application Support/MiKTeX/texmfs/install/tex/latex
/base/textcomp.sty"
Package: textcomp 2017/04/05 v2.0i Standard LaTeX package
Package textcomp Info: Sub-encoding information:
(textcomp)               5 = only ISO-Adobe without \textcurrency
(textcomp)               4 = 5 + \texteuro
(textcomp)               3 = 4 + \textohm
(textcomp)               2 = 3 + \textestimated + \textcurrency
(textcomp)               1 = TS1 - \textcircled - \t
(textcomp)               0 = TS1 (full)
(textcomp)             Font families with sub-encoding setting implement
(textcomp)             only a restricted character set as indicated.
(textcomp)             Family '?' is the default used for unknown fonts.
(textcomp)             See the documentation for details.
Package textcomp Info: Setting ? sub-encoding to TS1/1 on input line 79.

("/Users/maggienead/Library/Application Support/MiKTeX/texmfs/install/tex/latex
/base/ts1enc.def"
File: ts1enc.def 2001/06/05 v3.0e (jk/car/fm) Standard LaTeX file
Now handling font encoding TS1 ...
... processing UTF-8 mapping file for font encoding TS1

("/Users/maggienead/Library/Application Support/MiKTeX/texmfs/install/tex/latex
/base/ts1enc.dfu"
File: ts1enc.dfu 2018/04/05 v1.2c UTF-8 support for inputenc
   defining Unicode char U+00A2 (decimal 162)
   defining Unicode char U+00A3 (decimal 163)
   defining Unicode char U+00A4 (decimal 164)
   defining Unicode char U+00A5 (decimal 165)
   defining Unicode char U+00A6 (decimal 166)
   defining Unicode char U+00A7 (decimal 167)
   defining Unicode char U+00A8 (decimal 168)
   defining Unicode char U+00A9 (decimal 169)
   defining Unicode char U+00AA (decimal 170)
   defining Unicode char U+00AC (decimal 172)
   defining Unicode char U+00AE (decimal 174)
   defining Unicode char U+00AF (decimal 175)
   defining Unicode char U+00B0 (decimal 176)
   defining Unicode char U+00B1 (decimal 177)
   defining Unicode char U+00B2 (decimal 178)
   defining Unicode char U+00B3 (decimal 179)
   defining Unicode char U+00B4 (decimal 180)
   defining Unicode char U+00B5 (decimal 181)
   defining Unicode char U+00B6 (decimal 182)
   defining Unicode char U+00B7 (decimal 183)
   defining Unicode char U+00B9 (decimal 185)
   defining Unicode char U+00BA (decimal 186)
   defining Unicode char U+00BC (decimal 188)
   defining Unicode char U+00BD (decimal 189)
   defining Unicode char U+00BE (decimal 190)
   defining Unicode char U+00D7 (decimal 215)
   defining Unicode char U+00F7 (decimal 247)
   defining Unicode char U+0192 (decimal 402)
   defining Unicode char U+02C7 (decimal 711)
   defining Unicode char U+02D8 (decimal 728)
   defining Unicode char U+02DD (decimal 733)
   defining Unicode char U+0E3F (decimal 3647)
   defining Unicode char U+2016 (decimal 8214)
   defining Unicode char U+2020 (decimal 8224)
   defining Unicode char U+2021 (decimal 8225)
   defining Unicode char U+2022 (decimal 8226)
   defining Unicode char U+2030 (decimal 8240)
   defining Unicode char U+2031 (decimal 8241)
   defining Unicode char U+203B (decimal 8251)
   defining Unicode char U+203D (decimal 8253)
   defining Unicode char U+2044 (decimal 8260)
   defining Unicode char U+204E (decimal 8270)
   defining Unicode char U+2052 (decimal 8274)
   defining Unicode char U+20A1 (decimal 8353)
   defining Unicode char U+20A4 (decimal 8356)
   defining Unicode char U+20A6 (decimal 8358)
   defining Unicode char U+20A9 (decimal 8361)
   defining Unicode char U+20AB (decimal 8363)
   defining Unicode char U+20AC (decimal 8364)
   defining Unicode char U+20B1 (decimal 8369)
   defining Unicode char U+2103 (decimal 8451)
   defining Unicode char U+2116 (decimal 8470)
   defining Unicode char U+2117 (decimal 8471)
   defining Unicode char U+211E (decimal 8478)
   defining Unicode char U+2120 (decimal 8480)
   defining Unicode char U+2122 (decimal 8482)
   defining Unicode char U+2126 (decimal 8486)
   defining Unicode char U+2127 (decimal 8487)
   defining Unicode char U+212E (decimal 8494)
   defining Unicode char U+2190 (decimal 8592)
   defining Unicode char U+2191 (decimal 8593)
   defining Unicode char U+2192 (decimal 8594)
   defining Unicode char U+2193 (decimal 8595)
   defining Unicode char U+2329 (decimal 9001)
   defining Unicode char U+232A (decimal 9002)
   defining Unicode char U+2422 (decimal 9250)
   defining Unicode char U+25E6 (decimal 9702)
   defining Unicode char U+25EF (decimal 9711)
   defining Unicode char U+266A (decimal 9834)
   defining Unicode char U+FEFF (decimal 65279)
))
LaTeX Info: Redefining \oldstylenums on input line 334.
Package textcomp Info: Setting cmr sub-encoding to TS1/0 on input line 349.
Package textcomp Info: Setting cmss sub-encoding to TS1/0 on input line 350.
Package textcomp Info: Setting cmtt sub-encoding to TS1/0 on input line 351.
Package textcomp Info: Setting cmvtt sub-encoding to TS1/0 on input line 352.
Package textcomp Info: Setting cmbr sub-encoding to TS1/0 on input line 353.
Package textcomp Info: Setting cmtl sub-encoding to TS1/0 on input line 354.
Package textcomp Info: Setting ccr sub-encoding to TS1/0 on input line 355.
Package textcomp Info: Setting ptm sub-encoding to TS1/4 on input line 356.
Package textcomp Info: Setting pcr sub-encoding to TS1/4 on input line 357.
Package textcomp Info: Setting phv sub-encoding to TS1/4 on input line 358.
Package textcomp Info: Setting ppl sub-encoding to TS1/3 on input line 359.
Package textcomp Info: Setting pag sub-encoding to TS1/4 on input line 360.
Package textcomp Info: Setting pbk sub-encoding to TS1/4 on input line 361.
Package textcomp Info: Setting pnc sub-encoding to TS1/4 on input line 362.
Package textcomp Info: Setting pzc sub-encoding to TS1/4 on input line 363.
Package textcomp Info: Setting bch sub-encoding to TS1/4 on input line 364.
Package textcomp Info: Setting put sub-encoding to TS1/5 on input line 365.
Package textcomp Info: Setting uag sub-encoding to TS1/5 on input line 366.
Package textcomp Info: Setting ugq sub-encoding to TS1/5 on input line 367.
Package textcomp Info: Setting ul8 sub-encoding to TS1/4 on input line 368.
Package textcomp Info: Setting ul9 sub-encoding to TS1/4 on input line 369.
Package textcomp Info: Setting augie sub-encoding to TS1/5 on input line 370.
Package textcomp Info: Setting dayrom sub-encoding to TS1/3 on input line 371.
Package textcomp Info: Setting dayroms sub-encoding to TS1/3 on input line 372.

Package textcomp Info: Setting pxr sub-encoding to TS1/0 on input line 373.
Package textcomp Info: Setting pxss sub-encoding to TS1/0 on input line 374.
Package textcomp Info: Setting pxtt sub-encoding to TS1/0 on input line 375.
Package textcomp Info: Setting txr sub-encoding to TS1/0 on input line 376.
Package textcomp Info: Setting txss sub-encoding to TS1/0 on input line 377.
Package textcomp Info: Setting txtt sub-encoding to TS1/0 on input line 378.
Package textcomp Info: Setting lmr sub-encoding to TS1/0 on input line 379.
Package textcomp Info: Setting lmdh sub-encoding to TS1/0 on input line 380.
Package textcomp Info: Setting lmss sub-encoding to TS1/0 on input line 381.
Package textcomp Info: Setting lmssq sub-encoding to TS1/0 on input line 382.
Package textcomp Info: Setting lmvtt sub-encoding to TS1/0 on input line 383.
Package textcomp Info: Setting lmtt sub-encoding to TS1/0 on input line 384.
Package textcomp Info: Setting qhv sub-encoding to TS1/0 on input line 385.
Package textcomp Info: Setting qag sub-encoding to TS1/0 on input line 386.
Package textcomp Info: Setting qbk sub-encoding to TS1/0 on input line 387.
Package textcomp Info: Setting qcr sub-encoding to TS1/0 on input line 388.
Package textcomp Info: Setting qcs sub-encoding to TS1/0 on input line 389.
Package textcomp Info: Setting qpl sub-encoding to TS1/0 on input line 390.
Package textcomp Info: Setting qtm sub-encoding to TS1/0 on input line 391.
Package textcomp Info: Setting qzc sub-encoding to TS1/0 on input line 392.
Package textcomp Info: Setting qhvc sub-encoding to TS1/0 on input line 393.
Package textcomp Info: Setting futs sub-encoding to TS1/4 on input line 394.
Package textcomp Info: Setting futx sub-encoding to TS1/4 on input line 395.
Package textcomp Info: Setting futj sub-encoding to TS1/4 on input line 396.
Package textcomp Info: Setting hlh sub-encoding to TS1/3 on input line 397.
Package textcomp Info: Setting hls sub-encoding to TS1/3 on input line 398.
Package textcomp Info: Setting hlst sub-encoding to TS1/3 on input line 399.
Package textcomp Info: Setting hlct sub-encoding to TS1/5 on input line 400.
Package textcomp Info: Setting hlx sub-encoding to TS1/5 on input line 401.
Package textcomp Info: Setting hlce sub-encoding to TS1/5 on input line 402.
Package textcomp Info: Setting hlcn sub-encoding to TS1/5 on input line 403.
Package textcomp Info: Setting hlcw sub-encoding to TS1/5 on input line 404.
Package textcomp Info: Setting hlcf sub-encoding to TS1/5 on input line 405.
Package textcomp Info: Setting pplx sub-encoding to TS1/3 on input line 406.
Package textcomp Info: Setting pplj sub-encoding to TS1/3 on input line 407.
Package textcomp Info: Setting ptmx sub-encoding to TS1/4 on input line 408.
Package textcomp Info: Setting ptmj sub-encoding to TS1/4 on input line 409.
)
("/Users/maggienead/Library/Application Support/MiKTeX/texmfs/install/tex/latex
/upquote/upquote.sty"
Package: upquote 2012/04/19 v1.3 upright-quote and grave-accent glyphs in verba
tim
)
("/Users/maggienead/Library/Application Support/MiKTeX/texmfs/install/tex/latex
/microtype/microtype.sty"
Package: microtype 2018/01/14 v2.7a Micro-typographical refinements (RS)

("/Users/maggienead/Library/Application Support/MiKTeX/texmfs/install/tex/latex
/graphics/keyval.sty"
Package: keyval 2014/10/28 v1.15 key=value parser (DPC)
\KV@toks@=\toks22
)
\MT@toks=\toks23
\MT@count=\count100
LaTeX Info: Redefining \textls on input line 793.
\MT@outer@kern=\dimen112
LaTeX Info: Redefining \textmicrotypecontext on input line 1339.
\MT@listname@count=\count101

("/Users/maggienead/Library/Application Support/MiKTeX/texmfs/install/tex/latex
/microtype/microtype-pdftex.def"
File: microtype-pdftex.def 2018/01/14 v2.7a Definitions specific to pdftex (RS)

LaTeX Info: Redefining \lsstyle on input line 913.
LaTeX Info: Redefining \lslig on input line 913.
\MT@outer@space=\skip46
)
Package microtype Info: Loading configuration file microtype.cfg.

("/Users/maggienead/Library/Application Support/MiKTeX/texmfs/install/tex/latex
/microtype/microtype.cfg"
File: microtype.cfg 2018/01/14 v2.7a microtype main configuration file (RS)
))
("/Users/maggienead/Library/Application Support/MiKTeX/texmfs/install/tex/latex
/parskip/parskip.sty"
Package: parskip 2018-08-24 v2.0a non-zero parskip adjustments

("/Users/maggienead/Library/Application Support/MiKTeX/texmfs/install/tex/latex
/oberdiek/kvoptions.sty"
Package: kvoptions 2016/05/16 v3.12 Key value format for package options (HO)

("/Users/maggienead/Library/Application Support/MiKTeX/texmfs/install/tex/gener
ic/oberdiek/ltxcmds.sty"
Package: ltxcmds 2016/05/16 v1.23 LaTeX kernel commands for general use (HO)
)
("/Users/maggienead/Library/Application Support/MiKTeX/texmfs/install/tex/gener
ic/oberdiek/kvsetkeys.sty"
Package: kvsetkeys 2016/05/16 v1.17 Key value parser (HO)

("/Users/maggienead/Library/Application Support/MiKTeX/texmfs/install/tex/gener
ic/oberdiek/infwarerr.sty"
Package: infwarerr 2016/05/16 v1.4 Providing info/warning/error messages (HO)
)
("/Users/maggienead/Library/Application Support/MiKTeX/texmfs/install/tex/gener
ic/oberdiek/etexcmds.sty"
Package: etexcmds 2016/05/16 v1.6 Avoid name clashes with e-TeX commands (HO)
Package etexcmds Info: Could not find \expanded.
(etexcmds)             That can mean that you are not using pdfTeX 1.50 or
(etexcmds)             that some package has redefined \expanded.
(etexcmds)             In the latter case, load this package earlier.
)))
("/Users/maggienead/Library/Application Support/MiKTeX/texmfs/install/tex/latex
/etoolbox/etoolbox.sty"
Package: etoolbox 2018/08/19 v2.5f e-TeX tools for LaTeX (JAW)
\etb@tempcnta=\count102
))
("/Users/maggienead/Library/Application Support/MiKTeX/texmfs/install/tex/latex
/hyperref/hyperref.sty"
Package: hyperref 2018/02/06 v6.86b Hypertext links for LaTeX

("/Users/maggienead/Library/Application Support/MiKTeX/texmfs/install/tex/gener
ic/oberdiek/hobsub-hyperref.sty"
Package: hobsub-hyperref 2016/05/16 v1.14 Bundle oberdiek, subset hyperref (HO)


("/Users/maggienead/Library/Application Support/MiKTeX/texmfs/install/tex/gener
ic/oberdiek/hobsub-generic.sty"
Package: hobsub-generic 2016/05/16 v1.14 Bundle oberdiek, subset generic (HO)
Package: hobsub 2016/05/16 v1.14 Construct package bundles (HO)
Package hobsub Info: Skipping package `infwarerr' (already loaded).
Package hobsub Info: Skipping package `ltxcmds' (already loaded).
Package hobsub Info: Skipping package `ifluatex' (already loaded).
Package: ifvtex 2016/05/16 v1.6 Detect VTeX and its facilities (HO)
Package ifvtex Info: VTeX not detected.
Package: intcalc 2016/05/16 v1.2 Expandable calculations with integers (HO)
Package: ifpdf 2018/09/07 v3.3 Provides the ifpdf switch
Package hobsub Info: Skipping package `etexcmds' (already loaded).
Package hobsub Info: Skipping package `kvsetkeys' (already loaded).
Package: kvdefinekeys 2016/05/16 v1.4 Define keys (HO)
Package: pdftexcmds 2018/09/10 v0.29 Utility functions of pdfTeX for LuaTeX (HO
)
Package pdftexcmds Info: LuaTeX not detected.
Package pdftexcmds Info: \pdf@primitive is available.
Package pdftexcmds Info: \pdf@ifprimitive is available.
Package pdftexcmds Info: \pdfdraftmode found.
Package: pdfescape 2016/05/16 v1.14 Implements pdfTeX's escape features (HO)
Package: bigintcalc 2016/05/16 v1.4 Expandable calculations on big integers (HO
)
Package: bitset 2016/05/16 v1.2 Handle bit-vector datatype (HO)
Package: uniquecounter 2016/05/16 v1.3 Provide unlimited unique counter (HO)
)
Package hobsub Info: Skipping package `hobsub' (already loaded).
Package: letltxmacro 2016/05/16 v1.5 Let assignment for LaTeX macros (HO)
Package: hopatch 2016/05/16 v1.3 Wrapper for package hooks (HO)
Package: xcolor-patch 2016/05/16 xcolor patch
Package: atveryend 2016/05/16 v1.9 Hooks at the very end of document (HO)
Package: atbegshi 2016/06/09 v1.18 At begin shipout hook (HO)
Package: refcount 2016/05/16 v3.5 Data extraction from label references (HO)
Package: hycolor 2016/05/16 v1.8 Color options for hyperref/bookmark (HO)
)
("/Users/maggienead/Library/Application Support/MiKTeX/texmfs/install/tex/latex
/oberdiek/auxhook.sty"
Package: auxhook 2016/05/16 v1.4 Hooks for auxiliary files (HO)
)
\@linkdim=\dimen113
\Hy@linkcounter=\count103
\Hy@pagecounter=\count104

("/Users/maggienead/Library/Application Support/MiKTeX/texmfs/install/tex/latex
/hyperref/pd1enc.def"
File: pd1enc.def 2018/02/06 v6.86b Hyperref: PDFDocEncoding definition (HO)
Now handling font encoding PD1 ...
... no UTF-8 mapping file for font encoding PD1
)
\Hy@SavedSpaceFactor=\count105

("/Users/maggienead/Library/Application Support/MiKTeX/texmfs/install/tex/latex
/00miktex/hyperref.cfg"
File: hyperref.cfg 2002/06/06 v1.2 hyperref configuration of TeXLive
)
Package hyperref Info: Option `unicode' set `true' on input line 4383.

("/Users/maggienead/Library/Application Support/MiKTeX/texmfs/install/tex/latex
/hyperref/puenc.def"
File: puenc.def 2018/02/06 v6.86b Hyperref: PDF Unicode definition (HO)
Now handling font encoding PU ...
... no UTF-8 mapping file for font encoding PU
)
Package hyperref Info: Hyper figures OFF on input line 4509.
Package hyperref Info: Link nesting OFF on input line 4514.
Package hyperref Info: Hyper index ON on input line 4517.
Package hyperref Info: Plain pages OFF on input line 4524.
Package hyperref Info: Backreferencing OFF on input line 4529.
Package hyperref Info: Implicit mode ON; LaTeX internals redefined.
Package hyperref Info: Bookmarks ON on input line 4762.
\c@Hy@tempcnt=\count106

("/Users/maggienead/Library/Application Support/MiKTeX/texmfs/install/tex/latex
/url/url.sty"
\Urlmuskip=\muskip11
Package: url 2013/09/16  ver 3.4  Verb mode for urls, etc.
)
LaTeX Info: Redefining \url on input line 5115.
\XeTeXLinkMargin=\dimen114
\Fld@menulength=\count107
\Field@Width=\dimen115
\Fld@charsize=\dimen116
Package hyperref Info: Hyper figures OFF on input line 6369.
Package hyperref Info: Link nesting OFF on input line 6374.
Package hyperref Info: Hyper index ON on input line 6377.
Package hyperref Info: backreferencing OFF on input line 6384.
Package hyperref Info: Link coloring OFF on input line 6389.
Package hyperref Info: Link coloring with OCG OFF on input line 6394.
Package hyperref Info: PDF/A mode OFF on input line 6399.
LaTeX Info: Redefining \ref on input line 6439.
LaTeX Info: Redefining \pageref on input line 6443.
\Hy@abspage=\count108
\c@Item=\count109
\c@Hfootnote=\count110
)
Package hyperref Info: Driver (autodetected): hpdftex.

("/Users/maggienead/Library/Application Support/MiKTeX/texmfs/install/tex/latex
/hyperref/hpdftex.def"
File: hpdftex.def 2018/02/06 v6.86b Hyperref driver for pdfTeX
\Fld@listcount=\count111
\c@bookmark@seq@number=\count112

("/Users/maggienead/Library/Application Support/MiKTeX/texmfs/install/tex/latex
/oberdiek/rerunfilecheck.sty"
Package: rerunfilecheck 2016/05/16 v1.8 Rerun checks for auxiliary files (HO)
Package uniquecounter Info: New unique counter `rerunfilecheck' on input line 2
82.
)
\Hy@SectionHShift=\skip47
)
Package hyperref Info: Option `breaklinks' set `true' on input line 35.

("/Users/maggienead/Library/Application Support/MiKTeX/texmfs/install/tex/latex
/geometry/geometry.sty"
Package: geometry 2018/04/16 v5.8 Page Geometry
\Gm@cnth=\count113
\Gm@cntv=\count114
\c@Gm@tempcnt=\count115
\Gm@bindingoffset=\dimen117
\Gm@wd@mp=\dimen118
\Gm@odd@mp=\dimen119
\Gm@even@mp=\dimen120
\Gm@layoutwidth=\dimen121
\Gm@layoutheight=\dimen122
\Gm@layouthoffset=\dimen123
\Gm@layoutvoffset=\dimen124
\Gm@dimlist=\toks24

("/Users/maggienead/Library/Application Support/MiKTeX/texmfs/install/tex/latex
/geometry/geometry.cfg"))
("/Users/maggienead/Library/Application Support/MiKTeX/texmfs/install/tex/latex
/graphics/color.sty"
Package: color 2016/07/10 v1.1e Standard LaTeX Color (DPC)

("/Users/maggienead/Library/Application Support/MiKTeX/texmfs/install/tex/latex
/graphics-cfg/color.cfg"
File: color.cfg 2016/01/02 v1.6 sample color configuration
)
Package color Info: Driver file: pdftex.def on input line 147.

("/Users/maggienead/Library/Application Support/MiKTeX/texmfs/install/tex/latex
/graphics-def/pdftex.def"
File: pdftex.def 2018/01/08 v1.0l Graphics/color driver for pdftex
))
("/Users/maggienead/Library/Application Support/MiKTeX/texmfs/install/tex/latex
/fancyvrb/fancyvrb.sty"
Package: fancyvrb 2008/02/07

Style option: `fancyvrb' v2.7a, with DG/SPQR fixes, and firstline=lastline fix 
<2008/02/07> (tvz)
\FV@CodeLineNo=\count116
\FV@InFile=\read1
\FV@TabBox=\box28
\c@FancyVerbLine=\count117
\FV@StepNumber=\count118
\FV@OutFile=\write3
)
("/Users/maggienead/Library/Application Support/MiKTeX/texmfs/install/tex/latex
/framed/framed.sty"
Package: framed 2011/10/22 v 0.96: framed or shaded text with page breaks
\OuterFrameSep=\skip48
\fb@frw=\dimen125
\fb@frh=\dimen126
\FrameRule=\dimen127
\FrameSep=\dimen128
)
("/Users/maggienead/Library/Application Support/MiKTeX/texmfs/install/tex/latex
/graphics/graphicx.sty"
Package: graphicx 2017/06/01 v1.1a Enhanced LaTeX Graphics (DPC,SPQR)

("/Users/maggienead/Library/Application Support/MiKTeX/texmfs/install/tex/latex
/graphics/graphics.sty"
Package: graphics 2017/06/25 v1.2c Standard LaTeX Graphics (DPC,SPQR)

("/Users/maggienead/Library/Application Support/MiKTeX/texmfs/install/tex/latex
/graphics/trig.sty"
Package: trig 2016/01/03 v1.10 sin cos tan (DPC)
)
("/Users/maggienead/Library/Application Support/MiKTeX/texmfs/install/tex/latex
/graphics-cfg/graphics.cfg"
File: graphics.cfg 2016/06/04 v1.11 sample graphics configuration
)
Package graphics Info: Driver file: pdftex.def on input line 99.
)
\Gin@req@height=\dimen129
\Gin@req@width=\dimen130
)
("/Users/maggienead/Library/Application Support/MiKTeX/texmfs/install/tex/latex
/oberdiek/grffile.sty"
Package: grffile 2017/06/30 v1.18 Extended file name support for graphics (HO)
Package grffile Info: Option `multidot' is set to `true'.
Package grffile Info: Option `extendedchars' is set to `false'.
Package grffile Info: Option `space' is set to `true'.
Package grffile Info: \Gin@ii of package `graphicx' fixed on input line 494.
)
("/Users/maggienead/Library/Application Support/MiKTeX/texmfs/install/tex/latex
/booktabs/booktabs.sty"
Package: booktabs 2020/01/12 v1.61803398 Publication quality tables
\heavyrulewidth=\dimen131
\lightrulewidth=\dimen132
\cmidrulewidth=\dimen133
\belowrulesep=\dimen134
\belowbottomsep=\dimen135
\aboverulesep=\dimen136
\abovetopsep=\dimen137
\cmidrulesep=\dimen138
\cmidrulekern=\dimen139
\defaultaddspace=\dimen140
\@cmidla=\count119
\@cmidlb=\count120
\@aboverulesep=\dimen141
\@belowrulesep=\dimen142
\@thisruleclass=\count121
\@lastruleclass=\count122
\@thisrulewidth=\dimen143
)
("/Users/maggienead/Library/Application Support/MiKTeX/texmfs/install/tex/latex
/tools/longtable.sty"
Package: longtable 2020/01/07 v4.13 Multi-page Table package (DPC)
\LTleft=\skip49
\LTright=\skip50
\LTpre=\skip51
\LTpost=\skip52
\LTchunksize=\count123
\LTcapwidth=\dimen144
\LT@head=\box29
\LT@firsthead=\box30
\LT@foot=\box31
\LT@lastfoot=\box32
\LT@cols=\count124
\LT@rows=\count125
\c@LT@tables=\count126
\c@LT@chunks=\count127
\LT@p@ftn=\toks25
)
("/Users/maggienead/Library/Application Support/MiKTeX/texmfs/install/tex/latex
/tools/array.sty"
Package: array 2019/08/31 v2.4l Tabular extension package (FMi)
\col@sep=\dimen145
\ar@mcellbox=\box33
\extrarowheight=\dimen146
\NC@list=\toks26
\extratabsurround=\skip53
\backup@length=\skip54
\ar@cellbox=\box34
)
("/Users/maggienead/Library/Application Support/MiKTeX/texmfs/install/tex/latex
/multirow/multirow.sty"
Package: multirow 2019/05/31 v2.5 Span multiple rows of a table
\multirow@colwidth=\skip55
\multirow@cntb=\count128
\multirow@dima=\skip56
\bigstrutjot=\dimen147
)
("/Users/maggienead/Library/Application Support/MiKTeX/texmfs/install/tex/latex
/wrapfig/wrapfig.sty"
\wrapoverhang=\dimen148
\WF@size=\dimen149
\c@WF@wrappedlines=\count129
\WF@box=\box35
\WF@everypar=\toks27
Package: wrapfig 2003/01/31  v 3.6
)
("/Users/maggienead/Library/Application Support/MiKTeX/texmfs/install/tex/latex
/float/float.sty"
Package: float 2001/11/08 v1.3d Float enhancements (AL)
\c@float@type=\count130
\float@exts=\toks28
\float@box=\box36
\@float@everytoks=\toks29
\@floatcapt=\box37
)
("/Users/maggienead/Library/Application Support/MiKTeX/texmfs/install/tex/latex
/colortbl/colortbl.sty"
Package: colortbl 2020/01/04 v1.0e Color table columns (DPC)
\everycr=\toks30
\minrowclearance=\skip57
)
("/Users/maggienead/Library/Application Support/MiKTeX/texmfs/install/tex/latex
/oberdiek/pdflscape.sty"
Package: pdflscape 2016/05/14 v0.11 Display of landscape pages in PDF (HO)

("/Users/maggienead/Library/Application Support/MiKTeX/texmfs/install/tex/latex
/graphics/lscape.sty"
Package: lscape 2000/10/22 v3.01 Landscape Pages (DPC)
)
Package pdflscape Info: Auto-detected driver: pdftex on input line 81.
)
("/Users/maggienead/Library/Application Support/MiKTeX/texmfs/install/tex/latex
/tabu/tabu.sty"
Package: tabu 2019/01/11 v2.9 - flexible LaTeX tabulars (FC+tabu-fixed)

("/Users/maggienead/Library/Application Support/MiKTeX/texmfs/install/tex/latex
/varwidth/varwidth.sty"
Package: varwidth 2009/03/30 ver 0.92;  Variable-width minipages
\@vwid@box=\box38
\sift@deathcycles=\count131
\@vwid@loff=\dimen150
\@vwid@roff=\dimen151
)
\c@taburow=\count132
\tabu@nbcols=\count133
\tabu@cnt=\count134
\tabu@Xcol=\count135
\tabu@alloc=\count136
\tabu@nested=\count137
\tabu@target=\dimen152
\tabu@spreadtarget=\dimen153
\tabu@naturalX=\dimen154
\tabucolX=\dimen155
\tabu@Xsum=\dimen156
\extrarowdepth=\dimen157
\abovetabulinesep=\dimen158
\belowtabulinesep=\dimen159
\tabustrutrule=\dimen160
\tabu@thebody=\toks31
\tabu@footnotes=\toks32
\tabu@box=\box39
\tabu@arstrutbox=\box40
\tabu@hleads=\box41
\tabu@vleads=\box42
\tabu@cellskip=\skip58
)
("/Users/maggienead/Library/Application Support/MiKTeX/texmfs/install/tex/latex
/threeparttable/threeparttable.sty"
Package: threeparttable 2003/06/13  v 3.0
\@tempboxb=\box43
)
("/Users/maggienead/Library/Application Support/MiKTeX/texmfs/install/tex/latex
/threeparttablex/threeparttablex.sty"
Package: threeparttablex 2013/07/23 v0.3 by daleif

("/Users/maggienead/Library/Application Support/MiKTeX/texmfs/install/tex/latex
/environ/environ.sty"
Package: environ 2014/05/04 v0.3 A new way to define environments

("/Users/maggienead/Library/Application Support/MiKTeX/texmfs/install/tex/latex
/trimspaces/trimspaces.sty"
Package: trimspaces 2009/09/17 v1.1 Trim spaces around a token list
))
\TPTL@width=\skip59
)
("/Users/maggienead/Library/Application Support/MiKTeX/texmfs/install/tex/latex
/ulem/ulem.sty"
\UL@box=\box44
\UL@hyphenbox=\box45
\UL@skip=\skip60
\UL@hook=\toks33
\UL@height=\dimen161
\UL@pe=\count138
\UL@pixel=\dimen162
\ULC@box=\box46
Package: ulem 2019/11/18
\ULdepth=\dimen163
)
("/Users/maggienead/Library/Application Support/MiKTeX/texmfs/install/tex/latex
/makecell/makecell.sty"
Package: makecell 2009/08/03 V0.1e Managing of Tab Column Heads and Cells
\rotheadsize=\dimen164
\c@nlinenum=\count139
\TeXr@lab=\toks34
)
("/Users/maggienead/Library/Application Support/MiKTeX/texmfs/install/tex/latex
/xcolor/xcolor.sty"
Package: xcolor 2016/05/11 v2.12 LaTeX color extensions (UK)

("/Users/maggienead/Library/Application Support/MiKTeX/texmfs/install/tex/latex
/graphics-cfg/color.cfg"
File: color.cfg 2016/01/02 v1.6 sample color configuration
)
Package xcolor Info: Driver file: pdftex.def on input line 225.
LaTeX Info: Redefining \color on input line 709.
Package xcolor Info: Model `cmy' substituted by `cmy0' on input line 1348.
Package xcolor Info: Model `hsb' substituted by `rgb' on input line 1352.
Package xcolor Info: Model `RGB' extended on input line 1364.
Package xcolor Info: Model `HTML' substituted by `rgb' on input line 1366.
Package xcolor Info: Model `Hsb' substituted by `hsb' on input line 1367.
Package xcolor Info: Model `tHsb' substituted by `hsb' on input line 1368.
Package xcolor Info: Model `HSB' substituted by `hsb' on input line 1369.
Package xcolor Info: Model `Gray' substituted by `gray' on input line 1370.
Package xcolor Info: Model `wave' substituted by `hsb' on input line 1371.
) (Final-Project.aux)
\openout1 = `Final-Project.aux'.

LaTeX Font Info:    Checking defaults for OML/cmm/m/it on input line 125.
LaTeX Font Info:    ... okay on input line 125.
LaTeX Font Info:    Checking defaults for T1/cmr/m/n on input line 125.
LaTeX Font Info:    ... okay on input line 125.
LaTeX Font Info:    Checking defaults for OT1/cmr/m/n on input line 125.
LaTeX Font Info:    ... okay on input line 125.
LaTeX Font Info:    Checking defaults for OMS/cmsy/m/n on input line 125.
LaTeX Font Info:    ... okay on input line 125.
LaTeX Font Info:    Checking defaults for OMX/cmex/m/n on input line 125.
LaTeX Font Info:    ... okay on input line 125.
LaTeX Font Info:    Checking defaults for U/cmr/m/n on input line 125.
LaTeX Font Info:    ... okay on input line 125.
LaTeX Font Info:    Checking defaults for TS1/cmr/m/n on input line 125.
LaTeX Font Info:    Try loading font information for TS1+cmr on input line 125.


("/Users/maggienead/Library/Application Support/MiKTeX/texmfs/install/tex/latex
/base/ts1cmr.fd"
File: ts1cmr.fd 2014/09/29 v2.5h Standard LaTeX font definitions
)
LaTeX Font Info:    ... okay on input line 125.
LaTeX Font Info:    Checking defaults for PD1/pdf/m/n on input line 125.
LaTeX Font Info:    ... okay on input line 125.
LaTeX Font Info:    Checking defaults for PU/pdf/m/n on input line 125.
LaTeX Font Info:    ... okay on input line 125.
LaTeX Font Info:    Try loading font information for T1+lmr on input line 125.

("/Users/maggienead/Library/Application Support/MiKTeX/texmfs/install/tex/latex
/lm/t1lmr.fd"
File: t1lmr.fd 2009/10/30 v1.6 Font defs for Latin Modern
)
LaTeX Info: Redefining \microtypecontext on input line 125.
Package microtype Info: Generating PDF output.
Package microtype Info: Character protrusion enabled (level 2).
Package microtype Info: Using protrusion set `basicmath'.
Package microtype Info: Automatic font expansion enabled (level 2),
(microtype)             stretch: 20, shrink: 20, step: 1, non-selected.
Package microtype Info: Using default expansion set `basictext'.
Package microtype Info: No adjustment of tracking.
Package microtype Info: No adjustment of interword spacing.
Package microtype Info: No adjustment of character kerning.

("/Users/maggienead/Library/Application Support/MiKTeX/texmfs/install/tex/latex
/microtype/mt-cmr.cfg"
File: mt-cmr.cfg 2013/05/19 v2.2 microtype config. file: Computer Modern Roman 
(RS)
)
\AtBeginShipoutBox=\box47
Package hyperref Info: Link coloring OFF on input line 125.

("/Users/maggienead/Library/Application Support/MiKTeX/texmfs/install/tex/latex
/hyperref/nameref.sty"
Package: nameref 2016/05/21 v2.44 Cross-referencing by name of section

("/Users/maggienead/Library/Application Support/MiKTeX/texmfs/install/tex/gener
ic/oberdiek/gettitlestring.sty"
Package: gettitlestring 2016/05/16 v1.5 Cleanup title references (HO)
)
\c@section@level=\count140
)
LaTeX Info: Redefining \ref on input line 125.
LaTeX Info: Redefining \pageref on input line 125.
LaTeX Info: Redefining \nameref on input line 125.
(Final-Project.out) (Final-Project.out)
\@outlinefile=\write4
\openout4 = `Final-Project.out'.

*geometry* driver: auto-detecting
*geometry* detected driver: pdftex
*geometry* verbose mode - [ preamble ] result:
* driver: pdftex
* paper: <default>
* layout: <same size as paper>
* layoutoffset:(h,v)=(0.0pt,0.0pt)
* modes: 
* h-part:(L,W,R)=(72.26999pt, 469.75502pt, 72.26999pt)
* v-part:(T,H,B)=(72.26999pt, 650.43001pt, 72.26999pt)
* \paperwidth=614.295pt
* \paperheight=794.96999pt
* \textwidth=469.75502pt
* \textheight=650.43001pt
* \oddsidemargin=0.0pt
* \evensidemargin=0.0pt
* \topmargin=-37.0pt
* \headheight=12.0pt
* \headsep=25.0pt
* \topskip=10.0pt
* \footskip=30.0pt
* \marginparwidth=65.0pt
* \marginparsep=11.0pt
* \columnsep=10.0pt
* \skip\footins=9.0pt plus 4.0pt minus 2.0pt
* \hoffset=0.0pt
* \voffset=0.0pt
* \mag=1000
* \@twocolumnfalse
* \@twosidefalse
* \@mparswitchfalse
* \@reversemarginfalse
* (1in=72.27pt=25.4mm, 1cm=28.453pt)


("/Users/maggienead/Library/Application Support/MiKTeX/texmfs/install/tex/conte
xt/base/supp-pdf.mkii"
[Loading MPS to PDF converter (version 2006.09.02).]
\scratchcounter=\count141
\scratchdimen=\dimen165
\scratchbox=\box48
\nofMPsegments=\count142
\nofMParguments=\count143
\everyMPshowfont=\toks35
\MPscratchCnt=\count144
\MPscratchDim=\dimen166
\MPnumerator=\count145
\makeMPintoPDFobject=\count146
\everyMPtoPDFconversion=\toks36
)
("/Users/maggienead/Library/Application Support/MiKTeX/texmfs/install/tex/latex
/oberdiek/epstopdf-base.sty"
Package: epstopdf-base 2016/05/15 v2.6 Base part for package epstopdf

("/Users/maggienead/Library/Application Support/MiKTeX/texmfs/install/tex/latex
/oberdiek/grfext.sty"
Package: grfext 2016/05/16 v1.2 Manage graphics extensions (HO)
)
Package epstopdf-base Info: Redefining graphics rule for `.eps' on input line 4
38.
Package grfext Info: Graphics extension search list:
(grfext)             [.pdf,.png,.jpg,.mps,.jpeg,.jbig2,.jb2,.PDF,.PNG,.JPG,.JPE
G,.JBIG2,.JB2,.eps]
(grfext)             \AppendGraphicsExtensions on input line 456.
)
LaTeX Font Info:    Try loading font information for OT1+lmr on input line 127.


("/Users/maggienead/Library/Application Support/MiKTeX/texmfs/install/tex/latex
/lm/ot1lmr.fd"
File: ot1lmr.fd 2009/10/30 v1.6 Font defs for Latin Modern
)
LaTeX Font Info:    Try loading font information for OML+lmm on input line 127.


("/Users/maggienead/Library/Application Support/MiKTeX/texmfs/install/tex/latex
/lm/omllmm.fd"
File: omllmm.fd 2009/10/30 v1.6 Font defs for Latin Modern
)
LaTeX Font Info:    Try loading font information for OMS+lmsy on input line 127
.

("/Users/maggienead/Library/Application Support/MiKTeX/texmfs/install/tex/latex
/lm/omslmsy.fd"
File: omslmsy.fd 2009/10/30 v1.6 Font defs for Latin Modern
)
LaTeX Font Info:    Try loading font information for OMX+lmex on input line 127
.

("/Users/maggienead/Library/Application Support/MiKTeX/texmfs/install/tex/latex
/lm/omxlmex.fd"
File: omxlmex.fd 2009/10/30 v1.6 Font defs for Latin Modern
)
LaTeX Font Info:    External font `lmex10' loaded for size
(Font)              <12> on input line 127.
LaTeX Font Info:    External font `lmex10' loaded for size
(Font)              <8> on input line 127.
LaTeX Font Info:    External font `lmex10' loaded for size
(Font)              <6> on input line 127.
LaTeX Font Info:    Try loading font information for U+msa on input line 127.

("/Users/maggienead/Library/Application Support/MiKTeX/texmfs/install/tex/latex
/amsfonts/umsa.fd"
File: umsa.fd 2013/01/14 v3.01 AMS symbols A
)
("/Users/maggienead/Library/Application Support/MiKTeX/texmfs/install/tex/latex
/microtype/mt-msa.cfg"
File: mt-msa.cfg 2006/02/04 v1.1 microtype config. file: AMS symbols (a) (RS)
)
LaTeX Font Info:    Try loading font information for U+msb on input line 127.

("/Users/maggienead/Library/Application Support/MiKTeX/texmfs/install/tex/latex
/amsfonts/umsb.fd"
File: umsb.fd 2013/01/14 v3.01 AMS symbols B
)
("/Users/maggienead/Library/Application Support/MiKTeX/texmfs/install/tex/latex
/microtype/mt-msb.cfg"
File: mt-msb.cfg 2005/06/01 v1.0 microtype config. file: AMS symbols (b) (RS)
) (Final-Project.toc)
\tf@toc=\write5
\openout5 = `Final-Project.toc'.

LaTeX Font Info:    Try loading font information for TS1+lmr on input line 191.


("/Users/maggienead/Library/Application Support/MiKTeX/texmfs/install/tex/latex
/lm/ts1lmr.fd"
File: ts1lmr.fd 2009/10/30 v1.6 Font defs for Latin Modern
) [1

{/Users/maggienead/Library/Application Support/MiKTeX/texmfs/data/pdftex/config
/pdftex.map}]
LaTeX Font Info:    External font `lmex10' loaded for size
(Font)              <10> on input line 259.
LaTeX Font Info:    External font `lmex10' loaded for size
(Font)              <7> on input line 259.
LaTeX Font Info:    External font `lmex10' loaded for size
(Font)              <5> on input line 259.

Overfull \hbox (58.48862pt too wide) detected at line 259
\OML/lmm/m/it/10 H[] \OT1/lmr/m/n/10 : []
 []

[2]
Overfull \hbox (49.06029pt too wide) detected at line 277
\OML/lmm/m/it/10 H[] \OT1/lmr/m/n/10 : []
 []


Package xcolor Warning: Incompatible color definition on input line 279.

LaTeX Font Info:    Try loading font information for T1+lmtt on input line 280.


("/Users/maggienead/Library/Application Support/MiKTeX/texmfs/install/tex/latex
/lm/t1lmtt.fd"
File: t1lmtt.fd 2009/10/30 v1.6 Font defs for Latin Modern
)
LaTeX Font Info:    Font shape `T1/lmtt/bx/n' in size <10> not available
(Font)              Font shape `T1/lmtt/b/n' tried instead on input line 283.

Package xcolor Warning: Incompatible color definition on input line 290.


Package xcolor Warning: Incompatible color definition on input line 290.


Package xcolor Warning: Incompatible color definition on input line 294.


Package xcolor Warning: Incompatible color definition on input line 299.


Package xcolor Warning: Incompatible color definition on input line 299.

<Figs/hist-1.pdf, id=22, 195.73125pt x 176.66pt>
File: Figs/hist-1.pdf Graphic file (type pdf)
<use Figs/hist-1.pdf>
Package pdftex.def Info: Figs/hist-1.pdf  used on input line 301.
(pdftex.def)             Requested size: 195.73373pt x 176.66225pt.

Package xcolor Warning: Incompatible color definition on input line 303.


Package xcolor Warning: Incompatible color definition on input line 310.


Package xcolor Warning: Incompatible color definition on input line 310.


Package xcolor Warning: Incompatible color definition on input line 335.


Package xcolor Warning: Incompatible color definition on input line 341.


Package xcolor Warning: Incompatible color definition on input line 341.

[3 <./Figs/hist-1.pdf>]

Package xcolor Warning: Incompatible color definition on input line 341.


Package xcolor Warning: Incompatible color definition on input line 341.


Package xcolor Warning: Incompatible color definition on input line 356.


Package xcolor Warning: Incompatible color definition on input line 372.


Package xcolor Warning: Incompatible color definition on input line 372.


Package xcolor Warning: Incompatible color definition on input line 382.


Package xcolor Warning: Incompatible color definition on input line 402.


Package xcolor Warning: Incompatible color definition on input line 402.

<Figs/dataFilter-1.pdf, id=38, 273.02pt x 204.765pt>
File: Figs/dataFilter-1.pdf Graphic file (type pdf)
<use Figs/dataFilter-1.pdf>
Package pdftex.def Info: Figs/dataFilter-1.pdf  used on input line 404.
(pdftex.def)             Requested size: 273.036pt x 204.77698pt.
[4]

Package xcolor Warning: Incompatible color definition on input line 406.


Package xcolor Warning: Incompatible color definition on input line 419.


Package xcolor Warning: Incompatible color definition on input line 419.


Package xcolor Warning: Incompatible color definition on input line 421.


Package xcolor Warning: Incompatible color definition on input line 428.


Package xcolor Warning: Incompatible color definition on input line 428.

<Figs/plots-1.pdf, id=43, 279.0425pt x 209.78375pt>
File: Figs/plots-1.pdf Graphic file (type pdf)
<use Figs/plots-1.pdf>
Package pdftex.def Info: Figs/plots-1.pdf  used on input line 430.
(pdftex.def)             Requested size: 279.04181pt x 209.78322pt.

Package xcolor Warning: Incompatible color definition on input line 432.


Package xcolor Warning: Incompatible color definition on input line 439.


Package xcolor Warning: Incompatible color definition on input line 439.


Overfull \vbox (1.50409pt too high) detected at line 439
 []


Package xcolor Warning: Incompatible color definition on input line 439.

[5 <./Figs/dataFilter-1.pdf> <./Figs/plots-1.pdf>]

Package xcolor Warning: Incompatible color definition on input line 439.


Package xcolor Warning: Incompatible color definition on input line 439.

<Figs/plots-2.pdf, id=65, 279.0425pt x 207.77625pt>
File: Figs/plots-2.pdf Graphic file (type pdf)
<use Figs/plots-2.pdf>
Package pdftex.def Info: Figs/plots-2.pdf  used on input line 441.
(pdftex.def)             Requested size: 279.05032pt x 207.78206pt.

Package xcolor Warning: Incompatible color definition on input line 443.


Package xcolor Warning: Incompatible color definition on input line 455.


Package xcolor Warning: Incompatible color definition on input line 455.

<Figs/plots-3.pdf, id=66, 279.0425pt x 209.78375pt>
File: Figs/plots-3.pdf Graphic file (type pdf)
<use Figs/plots-3.pdf>
Package pdftex.def Info: Figs/plots-3.pdf  used on input line 457.
(pdftex.def)             Requested size: 279.04181pt x 209.78322pt.

Package xcolor Warning: Incompatible color definition on input line 459.


Package xcolor Warning: Incompatible color definition on input line 466.


Package xcolor Warning: Incompatible color definition on input line 466.

<Figs/plots-4.pdf, id=67, 279.0425pt x 207.77625pt>
File: Figs/plots-4.pdf Graphic file (type pdf)
<use Figs/plots-4.pdf>
Package pdftex.def Info: Figs/plots-4.pdf  used on input line 468.
(pdftex.def)             Requested size: 279.05032pt x 207.78206pt.
[6 <./Figs/plots-2.pdf> <./Figs/plots-3.pdf>]

Package xcolor Warning: Incompatible color definition on input line 470.


Package xcolor Warning: Incompatible color definition on input line 475.


Package xcolor Warning: Incompatible color definition on input line 475.


Package xcolor Warning: Incompatible color definition on input line 477.


Package xcolor Warning: Incompatible color definition on input line 490.


Package xcolor Warning: Incompatible color definition on input line 490.


Package xcolor Warning: Incompatible color definition on input line 494.


Package xcolor Warning: Incompatible color definition on input line 512.


Package xcolor Warning: Incompatible color definition on input line 512.


Package xcolor Warning: Incompatible color definition on input line 524.

[7 <./Figs/plots-4.pdf>]

Package xcolor Warning: Incompatible color definition on input line 528.


Package xcolor Warning: Incompatible color definition on input line 528.

<Figs/countModel1-1.pdf, id=98, 265.99374pt x 173.64874pt>
File: Figs/countModel1-1.pdf Graphic file (type pdf)
<use Figs/countModel1-1.pdf>
Package pdftex.def Info: Figs/countModel1-1.pdf  used on input line 530.
(pdftex.def)             Requested size: 266.00119pt x 173.65361pt.
<Figs/countModel1-2.pdf, id=99, 270.00874pt x 173.64874pt>
File: Figs/countModel1-2.pdf Graphic file (type pdf)
<use Figs/countModel1-2.pdf>
Package pdftex.def Info: Figs/countModel1-2.pdf  used on input line 532.
(pdftex.def)             Requested size: 270.01219pt x 173.65096pt.
<Figs/countModel1-3.pdf, id=100, 270.00874pt x 173.64874pt>
File: Figs/countModel1-3.pdf Graphic file (type pdf)
<use Figs/countModel1-3.pdf>
Package pdftex.def Info: Figs/countModel1-3.pdf  used on input line 534.
(pdftex.def)             Requested size: 270.01219pt x 173.65096pt.
<Figs/countModel1-4.pdf, id=101, 275.0275pt x 173.64874pt>
File: Figs/countModel1-4.pdf Graphic file (type pdf)
<use Figs/countModel1-4.pdf>
Package pdftex.def Info: Figs/countModel1-4.pdf  used on input line 536.
(pdftex.def)             Requested size: 275.03522pt x 173.65361pt.
[8 <./Figs/countModel1-1.pdf> <./Figs/countModel1-2.pdf> <./Figs/countModel1-3.
pdf>]

Package xcolor Warning: Incompatible color definition on input line 538.


Package xcolor Warning: Incompatible color definition on input line 543.


Package xcolor Warning: Incompatible color definition on input line 543.

<Figs/countModel1-5.pdf, id=127, 279.0425pt x 206.7725pt>
File: Figs/countModel1-5.pdf Graphic file (type pdf)
<use Figs/countModel1-5.pdf>
Package pdftex.def Info: Figs/countModel1-5.pdf  used on input line 545.
(pdftex.def)             Requested size: 279.05032pt x 206.77829pt.

Package xcolor Warning: Incompatible color definition on input line 547.


Package xcolor Warning: Incompatible color definition on input line 552.


Package xcolor Warning: Incompatible color definition on input line 552.

<Figs/countModel1-6.pdf, id=128, 271.0125pt x 207.77625pt>
File: Figs/countModel1-6.pdf Graphic file (type pdf)
<use Figs/countModel1-6.pdf>
Package pdftex.def Info: Figs/countModel1-6.pdf  used on input line 554.
(pdftex.def)             Requested size: 271.0201pt x 207.78206pt.
[9 <./Figs/countModel1-4.pdf> <./Figs/countModel1-5.pdf>]

Package xcolor Warning: Incompatible color definition on input line 559.


Package xcolor Warning: Incompatible color definition on input line 571.


Package xcolor Warning: Incompatible color definition on input line 571.


Package xcolor Warning: Incompatible color definition on input line 583.


Package xcolor Warning: Incompatible color definition on input line 587.


Package xcolor Warning: Incompatible color definition on input line 587.

<Figs/qpoisson-1.pdf, id=147, 274.02374pt x 173.64874pt>
File: Figs/qpoisson-1.pdf Graphic file (type pdf)
<use Figs/qpoisson-1.pdf>
Package pdftex.def Info: Figs/qpoisson-1.pdf  used on input line 589.
(pdftex.def)             Requested size: 274.03143pt x 173.65361pt.
<Figs/qpoisson-2.pdf, id=148, 278.03876pt x 173.64874pt>
File: Figs/qpoisson-2.pdf Graphic file (type pdf)
<use Figs/qpoisson-2.pdf>
Package pdftex.def Info: Figs/qpoisson-2.pdf  used on input line 591.
(pdftex.def)             Requested size: 278.04231pt x 173.65096pt.
[10 <./Figs/countModel1-6.pdf> <./Figs/qpoisson-1.pdf>]
<Figs/qpoisson-3.pdf, id=167, 278.03876pt x 173.64874pt>
File: Figs/qpoisson-3.pdf Graphic file (type pdf)
<use Figs/qpoisson-3.pdf>
Package pdftex.def Info: Figs/qpoisson-3.pdf  used on input line 593.
(pdftex.def)             Requested size: 278.04231pt x 173.65096pt.
<Figs/qpoisson-4.pdf, id=168, 278.03876pt x 173.64874pt>
File: Figs/qpoisson-4.pdf Graphic file (type pdf)
<use Figs/qpoisson-4.pdf>
Package pdftex.def Info: Figs/qpoisson-4.pdf  used on input line 595.
(pdftex.def)             Requested size: 278.04231pt x 173.65096pt.

Package xcolor Warning: Incompatible color definition on input line 597.


Package xcolor Warning: Incompatible color definition on input line 602.


Package xcolor Warning: Incompatible color definition on input line 602.

<Figs/qpoisson-5.pdf, id=169, 279.0425pt x 206.7725pt>
File: Figs/qpoisson-5.pdf Graphic file (type pdf)
<use Figs/qpoisson-5.pdf>
Package pdftex.def Info: Figs/qpoisson-5.pdf  used on input line 604.
(pdftex.def)             Requested size: 279.05032pt x 206.77829pt.
[11 <./Figs/qpoisson-2.pdf> <./Figs/qpoisson-3.pdf> <./Figs/qpoisson-4.pdf>]

Package xcolor Warning: Incompatible color definition on input line 606.


Package xcolor Warning: Incompatible color definition on input line 611.


Package xcolor Warning: Incompatible color definition on input line 611.

<Figs/qpoisson-6.pdf, id=195, 271.0125pt x 207.77625pt>
File: Figs/qpoisson-6.pdf Graphic file (type pdf)
<use Figs/qpoisson-6.pdf>
Package pdftex.def Info: Figs/qpoisson-6.pdf  used on input line 613.
(pdftex.def)             Requested size: 271.0201pt x 207.78206pt.

Package xcolor Warning: Incompatible color definition on input line 615.


Package xcolor Warning: Incompatible color definition on input line 626.


Package xcolor Warning: Incompatible color definition on input line 626.


Package xcolor Warning: Incompatible color definition on input line 658.

[12 <./Figs/qpoisson-5.pdf> <./Figs/qpoisson-6.pdf>]

Package xcolor Warning: Incompatible color definition on input line 662.


Package xcolor Warning: Incompatible color definition on input line 662.

<Figs/countModel2-1.pdf, id=214, 289.08pt x 173.64874pt>
File: Figs/countModel2-1.pdf Graphic file (type pdf)
<use Figs/countModel2-1.pdf>
Package pdftex.def Info: Figs/countModel2-1.pdf  used on input line 664.
(pdftex.def)             Requested size: 289.0881pt x 173.65361pt.
<Figs/countModel2-2.pdf, id=215, 289.08pt x 173.64874pt>
File: Figs/countModel2-2.pdf Graphic file (type pdf)
<use Figs/countModel2-2.pdf>
Package pdftex.def Info: Figs/countModel2-2.pdf  used on input line 666.
(pdftex.def)             Requested size: 289.0881pt x 173.65361pt.
<Figs/countModel2-3.pdf, id=216, 289.08pt x 173.64874pt>
File: Figs/countModel2-3.pdf Graphic file (type pdf)
<use Figs/countModel2-3.pdf>
Package pdftex.def Info: Figs/countModel2-3.pdf  used on input line 668.
(pdftex.def)             Requested size: 289.0881pt x 173.65361pt.
[13 <./Figs/countModel2-1.pdf> <./Figs/countModel2-2.pdf>]
<Figs/countModel2-4.pdf, id=236, 289.08pt x 173.64874pt>
File: Figs/countModel2-4.pdf Graphic file (type pdf)
<use Figs/countModel2-4.pdf>
Package pdftex.def Info: Figs/countModel2-4.pdf  used on input line 670.
(pdftex.def)             Requested size: 289.0881pt x 173.65361pt.

Package xcolor Warning: Incompatible color definition on input line 672.


Package xcolor Warning: Incompatible color definition on input line 677.


Package xcolor Warning: Incompatible color definition on input line 677.

<Figs/countModel2-5.pdf, id=237, 271.0125pt x 207.77625pt>
File: Figs/countModel2-5.pdf Graphic file (type pdf)
<use Figs/countModel2-5.pdf>
Package pdftex.def Info: Figs/countModel2-5.pdf  used on input line 679.
(pdftex.def)             Requested size: 271.0201pt x 207.78206pt.

Package xcolor Warning: Incompatible color definition on input line 681.


Package xcolor Warning: Incompatible color definition on input line 692.


Package xcolor Warning: Incompatible color definition on input line 692.


Package xcolor Warning: Incompatible color definition on input line 692.

[14 <./Figs/countModel2-3.pdf> <./Figs/countModel2-4.pdf> <./Figs/countModel2-5
.pdf>]

Package xcolor Warning: Incompatible color definition on input line 692.


Package xcolor Warning: Incompatible color definition on input line 692.


Package xcolor Warning: Incompatible color definition on input line 724.


Package xcolor Warning: Incompatible color definition on input line 728.


Package xcolor Warning: Incompatible color definition on input line 728.

<Figs/countModel2q-1.pdf, id=263, 289.08pt x 173.64874pt>
File: Figs/countModel2q-1.pdf Graphic file (type pdf)
<use Figs/countModel2q-1.pdf>
Package pdftex.def Info: Figs/countModel2q-1.pdf  used on input line 730.
(pdftex.def)             Requested size: 289.0881pt x 173.65361pt.
<Figs/countModel2q-2.pdf, id=264, 289.08pt x 173.64874pt>
File: Figs/countModel2q-2.pdf Graphic file (type pdf)
<use Figs/countModel2q-2.pdf>
Package pdftex.def Info: Figs/countModel2q-2.pdf  used on input line 732.
(pdftex.def)             Requested size: 289.0881pt x 173.65361pt.
<Figs/countModel2q-3.pdf, id=265, 289.08pt x 173.64874pt>
File: Figs/countModel2q-3.pdf Graphic file (type pdf)
<use Figs/countModel2q-3.pdf>
Package pdftex.def Info: Figs/countModel2q-3.pdf  used on input line 734.
(pdftex.def)             Requested size: 289.0881pt x 173.65361pt.
[15 <./Figs/countModel2q-1.pdf> <./Figs/countModel2q-2.pdf>]
<Figs/countModel2q-4.pdf, id=284, 289.08pt x 173.64874pt>
File: Figs/countModel2q-4.pdf Graphic file (type pdf)
<use Figs/countModel2q-4.pdf>
Package pdftex.def Info: Figs/countModel2q-4.pdf  used on input line 736.
(pdftex.def)             Requested size: 289.0881pt x 173.65361pt.

Package xcolor Warning: Incompatible color definition on input line 738.


Package xcolor Warning: Incompatible color definition on input line 743.


Package xcolor Warning: Incompatible color definition on input line 743.

<Figs/countModel2q-5.pdf, id=285, 271.0125pt x 207.77625pt>
File: Figs/countModel2q-5.pdf Graphic file (type pdf)
<use Figs/countModel2q-5.pdf>
Package pdftex.def Info: Figs/countModel2q-5.pdf  used on input line 745.
(pdftex.def)             Requested size: 271.0201pt x 207.78206pt.

Package xcolor Warning: Incompatible color definition on input line 747.


Package xcolor Warning: Incompatible color definition on input line 757.


Package xcolor Warning: Incompatible color definition on input line 757.


Package xcolor Warning: Incompatible color definition on input line 757.

[16 <./Figs/countModel2q-3.pdf> <./Figs/countModel2q-4.pdf> <./Figs/countModel2
q-5.pdf>]

Package xcolor Warning: Incompatible color definition on input line 757.


Package xcolor Warning: Incompatible color definition on input line 757.

Package atveryend Info: Empty hook `BeforeClearDocument' on input line 769.
[17]
Package atveryend Info: Empty hook `AfterLastShipout' on input line 769.
(Final-Project.aux)
Package atveryend Info: Executing hook `AtVeryEndDocument' on input line 769.
Package atveryend Info: Executing hook `AtEndAfterFileList' on input line 769.
Package rerunfilecheck Info: File `Final-Project.out' has not changed.
(rerunfilecheck)             Checksum: D41D8CD98F00B204E9800998ECF8427E;0.
 ) 
Here is how much of TeX's memory you used:
 14833 strings out of 494891
 224480 string characters out of 3176685
 331915 words of memory out of 3000000
 18122 multiletter control sequences out of 15000+200000
 53688 words of font info for 89 fonts, out of 3000000 for 9000
 0 hyphenation exceptions out of 8191
 35i,9n,38p,823b,394s stack positions out of 5000i,500n,10000p,200000b,50000s
{/Users/maggienead/Library/Application Support/MiKTeX/texmfs/install/fonts/en
c/dvips/lm/lm-ec.enc}{/Users/maggienead/Library/Application Support/MiKTeX/texm
fs/install/fonts/enc/dvips/lm/lm-mathit.enc}{/Users/maggienead/Library/Applicat
ion Support/MiKTeX/texmfs/install/fonts/enc/dvips/lm/lm-rm.enc}{/Users/maggiene
ad/Library/Application Support/MiKTeX/texmfs/install/fonts/enc/dvips/lm/lm-ts1.
enc}</Users/maggienead/Library/Application Support/MiKTeX/texmfs/install/fonts/
type1/public/lm/lmbx12.pfb></Users/maggienead/Library/Application Support/MiKTe
X/texmfs/install/fonts/type1/public/lm/lmmi10.pfb></Users/maggienead/Library/Ap
plication Support/MiKTeX/texmfs/install/fonts/type1/public/lm/lmmi7.pfb></Users
/maggienead/Library/Application Support/MiKTeX/texmfs/install/fonts/type1/publi
c/lm/lmr10.pfb></Users/maggienead/Library/Application Support/MiKTeX/texmfs/ins
tall/fonts/type1/public/lm/lmr12.pfb></Users/maggienead/Library/Application Sup
port/MiKTeX/texmfs/install/fonts/type1/public/lm/lmr17.pfb></Users/maggienead/L
ibrary/Application Support/MiKTeX/texmfs/install/fonts/type1/public/lm/lmr7.pfb
></Users/maggienead/Library/Application Support/MiKTeX/texmfs/install/fonts/typ
e1/public/lm/lmtk10.pfb></Users/maggienead/Library/Application Support/MiKTeX/t
exmfs/install/fonts/type1/public/lm/lmtt10.pfb></Users/maggienead/Library/Appli
cation Support/MiKTeX/texmfs/install/fonts/type1/public/lm/lmtti10.pfb>
Output written on Final-Project.pdf (17 pages, 2420657 bytes).
PDF statistics:
 359 PDF objects out of 1000 (max. 8388607)
 19 named destinations out of 1000 (max. 500000)
 10381 words of extra memory for PDF output out of 12000 (max. 10000000)

